<?xml version="1.0" encoding="UTF-8"?>
<!-- Generated by org.testng.reporters.JUnitReportReporter -->
<testsuite hostname="WINDOWS-BF3G247" failures="0" tests="2" name="com.EA.qa.testcase.LoginPageTest" time="20.416" errors="0" timestamp="2020-07-17T15:08:52 IST" skipped="0">
  <testcase classname="com.EA.qa.testcase.LoginPageTest" name="loginPageTitleTest" time="7.525"/>
  <system-out/>
  <testcase classname="com.EA.qa.testcase.LoginPageTest" name="loginTest" time="12.891"/>
  <system-out/>
</testsuite> <!-- com.EA.qa.testcase.LoginPageTest -->
