<?xml version="1.0" encoding="UTF-8"?>
<!-- Generated by org.testng.reporters.JUnitReportReporter -->
<testsuite hostname="WINDOWS-BF3G247" failures="0" tests="2" name="com.EA.qa.testcase.LoginPageTest" time="19.039" errors="0" timestamp="2020-07-13T18:50:13 IST" skipped="0">
  <testcase classname="com.EA.qa.testcase.LoginPageTest" name="loginPageTitleTest" time="9.922"/>
  <system-out/>
  <testcase classname="com.EA.qa.testcase.LoginPageTest" name="loginTest" time="9.117"/>
  <system-out/>
</testsuite> <!-- com.EA.qa.testcase.LoginPageTest -->
