<?xml version="1.0" encoding="UTF-8"?>
<!-- Generated by org.testng.reporters.JUnitReportReporter -->
<testsuite skipped="0" hostname="WINDOWS-BF3G247" name="com.EA.qa.testcase.LoginPageTest" tests="2" failures="0" timestamp="2020-07-13T19:00:23 IST" time="32.295" errors="0">
  <testcase name="loginPageTitleTest" time="19.458" classname="com.EA.qa.testcase.LoginPageTest"/>
  <system-out/>
  <testcase name="loginTest" time="12.837" classname="com.EA.qa.testcase.LoginPageTest"/>
  <system-out/>
</testsuite> <!-- com.EA.qa.testcase.LoginPageTest -->
